<?xml version="1.0" encoding="UTF-8"?>
<!-- Generated by org.testng.reporters.JUnitReportReporter -->
<testsuite hostname="DESKTOP-4T13P6B" failures="0" tests="1" name="Sample2" time="0.148" errors="0" timestamp="02 Jun 2022 17:00:43 GMT" skipped="0">
  <testcase classname="Sample2" name="sampleMathod" time="0.148"/>
</testsuite> <!-- Sample2 -->
